<?xml version="1.0" encoding="UTF-8"?>
<!-- Generated by org.testng.reporters.JUnitReportReporter -->
<testsuite skipped="0" hostname="DESKTOP-0BGE448" name="com.testCases.JMB_TC_013" tests="2" failures="0" timestamp="11 Mar 2022 19:14:43 GMT" time="5.260" errors="0">
  <testcase name="LandingPageTest" time="2.808" classname="com.testCases.JMB_TC_013"/>
  <testcase name="SignUpTest" time="2.452" classname="com.testCases.JMB_TC_013"/>
</testsuite> <!-- com.testCases.JMB_TC_013 -->
