<?xml version="1.0" encoding="UTF-8"?>
<!-- Generated by org.testng.reporters.JUnitReportReporter -->
<testsuite skipped="0" hostname="DESKTOP-0BGE448" name="com.testCases.JMB_TC_004" tests="6" failures="0" timestamp="11 Mar 2022 15:38:51 GMT" time="17.571" errors="0">
  <testcase name="LandingPageTest" time="1.857" classname="com.testCases.JMB_TC_004"/>
  <testcase name="SignUp" time="3.181" classname="com.testCases.JMB_TC_004"/>
  <testcase name="SignUp" time="3.048" classname="com.testCases.JMB_TC_004"/>
  <testcase name="SignUp" time="3.230" classname="com.testCases.JMB_TC_004"/>
  <testcase name="SignUp" time="3.131" classname="com.testCases.JMB_TC_004"/>
  <testcase name="SignUp" time="3.124" classname="com.testCases.JMB_TC_004"/>
</testsuite> <!-- com.testCases.JMB_TC_004 -->
