<?xml version="1.0" encoding="UTF-8"?>
<!-- Generated by org.testng.reporters.JUnitReportReporter -->
<testsuite skipped="0" hostname="DESKTOP-0BGE448" name="com.testCases.JMB_TC_014" tests="2" failures="0" timestamp="11 Mar 2022 19:24:57 GMT" time="6.240" errors="0">
  <testcase name="LandingPageTest" time="2.212" classname="com.testCases.JMB_TC_014"/>
  <testcase name="SignUpTest" time="4.028" classname="com.testCases.JMB_TC_014"/>
</testsuite> <!-- com.testCases.JMB_TC_014 -->
