<?xml version="1.0" encoding="UTF-8"?>
<!-- Generated by org.testng.reporters.JUnitReportReporter -->
<testsuite skipped="0" hostname="DESKTOP-0BGE448" name="com.testCases.JMB_TC_001" tests="1" failures="0" timestamp="11 Mar 2022 21:12:06 GMT" time="2.482" errors="0">
  <testcase name="LandingPageTest" time="2.482" classname="com.testCases.JMB_TC_001"/>
</testsuite> <!-- com.testCases.JMB_TC_001 -->
