<?xml version="1.0" encoding="UTF-8"?>
<!-- Generated by org.testng.reporters.JUnitReportReporter -->
<testsuite skipped="0" hostname="DESKTOP-0BGE448" name="com.testCases.JMB_TC_002" tests="2" failures="0" timestamp="11 Mar 2022 14:28:35 GMT" time="6.929" errors="0">
  <testcase name="LandingPageTest" time="1.861" classname="com.testCases.JMB_TC_002"/>
  <testcase name="SignUpTest" time="5.068" classname="com.testCases.JMB_TC_002"/>
</testsuite> <!-- com.testCases.JMB_TC_002 -->
