<?xml version="1.0" encoding="UTF-8"?>
<!-- Generated by org.testng.reporters.JUnitReportReporter -->
<testsuite skipped="0" hostname="DESKTOP-0BGE448" name="com.testCases.JMB_TC_005" tests="2" failures="0" timestamp="11 Mar 2022 15:57:21 GMT" time="7.778" errors="0">
  <testcase name="LandingPageTest" time="2.589" classname="com.testCases.JMB_TC_005"/>
  <testcase name="SignUp" time="5.189" classname="com.testCases.JMB_TC_005"/>
</testsuite> <!-- com.testCases.JMB_TC_005 -->
