<?xml version="1.0" encoding="UTF-8"?>
<!-- Generated by org.testng.reporters.JUnitReportReporter -->
<testsuite skipped="0" hostname="DESKTOP-0BGE448" name="com.testCases.JMB_TC_009" tests="2" failures="0" timestamp="11 Mar 2022 18:01:17 GMT" time="6.608" errors="0">
  <testcase name="LandingPageTest" time="2.469" classname="com.testCases.JMB_TC_009"/>
  <testcase name="SignUpTest" time="4.139" classname="com.testCases.JMB_TC_009"/>
</testsuite> <!-- com.testCases.JMB_TC_009 -->
