<?xml version="1.0" encoding="UTF-8"?>
<!-- Generated by org.testng.reporters.JUnitReportReporter -->
<testsuite skipped="0" hostname="DESKTOP-0BGE448" name="com.testCases.JMB_TC_003" tests="6" failures="0" timestamp="11 Mar 2022 15:06:45 GMT" time="19.099" errors="0">
  <testcase name="LandingPageTest" time="1.885" classname="com.testCases.JMB_TC_003"/>
  <testcase name="SignUp" time="3.062" classname="com.testCases.JMB_TC_003"/>
  <testcase name="SignUp" time="3.101" classname="com.testCases.JMB_TC_003"/>
  <testcase name="SignUp" time="4.568" classname="com.testCases.JMB_TC_003"/>
  <testcase name="SignUp" time="3.341" classname="com.testCases.JMB_TC_003"/>
  <testcase name="SignUp" time="3.142" classname="com.testCases.JMB_TC_003"/>
</testsuite> <!-- com.testCases.JMB_TC_003 -->
